<?xml version="1.0" encoding="UTF-8"?>
<testsuite name="com.datastructure.stack.MyStackTest" tests="1" skipped="0" failures="0" errors="0" timestamp="2021-03-28T15:50:41" hostname="DESKTOP-0QBG6NF" time="0.042">
  <properties/>
  <testcase name="given3IntegersInQueue_WhenDequeue_ShouldHaveFirstAddedNode()" classname="com.datastructure.stack.MyStackTest" time="0.042"/>
  <system-out><![CDATA[print statement
My Nodes: 56->30->70
print statement
My Nodes: 30->70
]]></system-out>
  <system-err><![CDATA[]]></system-err>
</testsuite>
