<?xml version="1.0" encoding="UTF-8"?>
<testsuite name="com.datastructure.stack.MyStackTest" tests="1" skipped="0" failures="0" errors="0" timestamp="2021-03-28T14:57:11" hostname="DESKTOP-0QBG6NF" time="0.045">
  <properties/>
  <testcase name="given3NumbersInStack_WhenPoped_ShouldMatchWithLastAddedNode()" classname="com.datastructure.stack.MyStackTest" time="0.045"/>
  <system-out><![CDATA[print statement
My Nodes: 30->70
]]></system-out>
  <system-err><![CDATA[]]></system-err>
</testsuite>
