<?xml version="1.0" encoding="UTF-8"?>
<testsuite name="com.datastructure.stack.QueueTest" tests="1" skipped="0" failures="0" errors="0" timestamp="2021-03-30T06:29:42" hostname="DESKTOP-0QBG6NF" time="0.034">
  <properties/>
  <testcase name="given3Integers_WhenAddedToQueue_ShouldPassTheTest()" classname="com.datastructure.stack.QueueTest" time="0.034"/>
  <system-out><![CDATA[print statement
My Nodes: 56->30->70
]]></system-out>
  <system-err><![CDATA[]]></system-err>
</testsuite>
